[debug] [2021-11-22T13:11:00.715Z] ----------------------------------------------------------------------
[debug] [2021-11-22T13:11:00.718Z] Command:       C:\Program Files\nodejs\node.exe C:\Users\Mr. Mridha\AppData\Roaming\npm\node_modules\firebase-tools\lib\bin\firebase.js init
[debug] [2021-11-22T13:11:00.719Z] CLI Version:   9.23.0
[debug] [2021-11-22T13:11:00.719Z] Platform:      win32
[debug] [2021-11-22T13:11:00.719Z] Node Version:  v16.13.0
[debug] [2021-11-22T13:11:00.720Z] Time:          Mon Nov 22 2021 19:11:00 GMT+0600 (Bangladesh Standard Time)
[debug] [2021-11-22T13:11:00.720Z] ----------------------------------------------------------------------
[debug] 
[debug] [2021-11-22T13:11:00.731Z] > command requires scopes: ["email","openid","https://www.googleapis.com/auth/cloudplatformprojects.readonly","https://www.googleapis.com/auth/firebase","https://www.googleapis.com/auth/cloud-platform"]
[debug] [2021-11-22T13:11:00.731Z] > authorizing via signed-in user (jahid4k@gmail.com)
[info] 
     ######## #### ########  ######## ########     ###     ######  ########
     ##        ##  ##     ## ##       ##     ##  ##   ##  ##       ##
     ######    ##  ########  ######   ########  #########  ######  ######
     ##        ##  ##    ##  ##       ##     ## ##     ##       ## ##
     ##       #### ##     ## ######## ########  ##     ##  ######  ########

You're about to initialize a Firebase project in this directory:

  C:\Users\Mr. Mridha\Documents\Web Dev with Jhankar Mahabub\Again\Assignment 11\Frontend\ghurbo

[info] 
=== Project Setup
[info] 
[info] First, let's associate this project directory with a Firebase project.
[info] You can create multiple project aliases by running firebase use --add, 
[info] but for now we'll just set up a default project.
[info] 
[info] i  If you want to create a project in a Google Cloud organization or folder, please use "firebase projects:create" instead, and return to this command when you've created the project. 
